2022-05-13 02:08:25,165 INFO org.springframework.boot.StartupInfoLogger [main] Starting UsuariosApplication using Java 11.0.13 on DESKTOP-GCCAVEG with PID 15904 (C:\workspace-pt\microservicio-usuarios\target\classes started by dervo in C:\workspace-pt\microservicio-usuarios)
2022-05-13 02:08:25,171 INFO org.springframework.boot.SpringApplication [main] No active profile set, falling back to default profiles: default
2022-05-13 02:08:26,504 INFO org.springframework.data.repository.config.RepositoryConfigurationDelegate [main] Bootstrapping Spring Data JPA repositories in DEFAULT mode.
2022-05-13 02:08:26,686 INFO org.springframework.data.repository.config.RepositoryConfigurationDelegate [main] Finished Spring Data repository scanning in 166 ms. Found 3 JPA repository interfaces.
2022-05-13 02:08:28,038 INFO org.springframework.boot.web.embedded.tomcat.TomcatWebServer [main] Tomcat initialized with port(s): 8081 (http)
2022-05-13 02:08:28,058 INFO org.apache.juli.logging.DirectJDKLog [main] Initializing ProtocolHandler ["http-nio-8081"]
2022-05-13 02:08:28,058 INFO org.apache.juli.logging.DirectJDKLog [main] Starting service [Tomcat]
2022-05-13 02:08:28,059 INFO org.apache.juli.logging.DirectJDKLog [main] Starting Servlet engine: [Apache Tomcat/9.0.45]
2022-05-13 02:08:28,229 INFO org.apache.juli.logging.DirectJDKLog [main] Initializing Spring embedded WebApplicationContext
2022-05-13 02:08:28,229 INFO org.springframework.boot.web.servlet.context.ServletWebServerApplicationContext [main] Root WebApplicationContext: initialization completed in 2904 ms
2022-05-13 02:08:28,538 INFO org.hibernate.jpa.internal.util.LogHelper [main] HHH000204: Processing PersistenceUnitInfo [name: default]
2022-05-13 02:08:28,608 INFO org.hibernate.Version [main] HHH000412: Hibernate ORM core version 5.4.30.Final
2022-05-13 02:08:28,836 INFO org.hibernate.annotations.common.reflection.java.JavaReflectionManager [main] HCANN000001: Hibernate Commons Annotations {5.1.2.Final}
2022-05-13 02:08:28,996 INFO com.zaxxer.hikari.HikariDataSource [main] HikariPool-1 - Starting...
2022-05-13 02:08:29,318 INFO com.zaxxer.hikari.HikariDataSource [main] HikariPool-1 - Start completed.
2022-05-13 02:08:29,367 INFO org.hibernate.dialect.Dialect [main] HHH000400: Using dialect: org.hibernate.dialect.PostgreSQL10Dialect
2022-05-13 02:08:30,680 INFO org.hibernate.engine.transaction.jta.platform.internal.JtaPlatformInitiator [main] HHH000490: Using JtaPlatform implementation: [org.hibernate.engine.transaction.jta.platform.internal.NoJtaPlatform]
2022-05-13 02:08:30,692 INFO org.springframework.orm.jpa.AbstractEntityManagerFactoryBean [main] Initialized JPA EntityManagerFactory for persistence unit 'default'
2022-05-13 02:08:30,713 WARN org.springframework.context.support.AbstractApplicationContext [main] Exception encountered during context initialization - cancelling refresh attempt: org.springframework.beans.factory.UnsatisfiedDependencyException: Error creating bean with name 'usuarioControlador': Unsatisfied dependency expressed through field 'usuarioServicio'; nested exception is org.springframework.beans.factory.NoSuchBeanDefinitionException: No qualifying bean of type 'com.mx.ipn.usuarios.servicios.UsuarioServicio' available: expected at least 1 bean which qualifies as autowire candidate. Dependency annotations: {@org.springframework.beans.factory.annotation.Autowired(required=true)}
2022-05-13 02:08:30,714 INFO org.springframework.orm.jpa.AbstractEntityManagerFactoryBean [main] Closing JPA EntityManagerFactory for persistence unit 'default'
2022-05-13 02:08:30,718 INFO com.zaxxer.hikari.HikariDataSource [main] HikariPool-1 - Shutdown initiated...
2022-05-13 02:08:30,727 INFO com.zaxxer.hikari.HikariDataSource [main] HikariPool-1 - Shutdown completed.
2022-05-13 02:08:30,732 INFO org.apache.juli.logging.DirectJDKLog [main] Stopping service [Tomcat]
2022-05-13 02:08:30,758 INFO org.springframework.boot.autoconfigure.logging.ConditionEvaluationReportLoggingListener [main] 

Error starting ApplicationContext. To display the conditions report re-run your application with 'debug' enabled.
2022-05-13 02:08:30,794 ERROR org.springframework.boot.diagnostics.LoggingFailureAnalysisReporter [main] 

***************************
APPLICATION FAILED TO START
***************************

Description:

Field usuarioServicio in com.mx.ipn.usuarios.controladores.UsuarioControlador required a bean of type 'com.mx.ipn.usuarios.servicios.UsuarioServicio' that could not be found.

The injection point has the following annotations:
	- @org.springframework.beans.factory.annotation.Autowired(required=true)


Action:

Consider defining a bean of type 'com.mx.ipn.usuarios.servicios.UsuarioServicio' in your configuration.

2022-05-13 02:12:33,413 INFO org.springframework.boot.StartupInfoLogger [main] Starting UsuariosApplication using Java 11.0.13 on DESKTOP-GCCAVEG with PID 7656 (C:\workspace-pt\microservicio-usuarios\target\classes started by dervo in C:\workspace-pt\microservicio-usuarios)
2022-05-13 02:12:33,419 INFO org.springframework.boot.SpringApplication [main] No active profile set, falling back to default profiles: default
2022-05-13 02:12:34,791 INFO org.springframework.data.repository.config.RepositoryConfigurationDelegate [main] Bootstrapping Spring Data JPA repositories in DEFAULT mode.
2022-05-13 02:12:35,012 INFO org.springframework.data.repository.config.RepositoryConfigurationDelegate [main] Finished Spring Data repository scanning in 195 ms. Found 3 JPA repository interfaces.
2022-05-13 02:12:37,301 INFO org.springframework.boot.web.embedded.tomcat.TomcatWebServer [main] Tomcat initialized with port(s): 8081 (http)
2022-05-13 02:12:37,320 INFO org.apache.juli.logging.DirectJDKLog [main] Initializing ProtocolHandler ["http-nio-8081"]
2022-05-13 02:12:37,321 INFO org.apache.juli.logging.DirectJDKLog [main] Starting service [Tomcat]
2022-05-13 02:12:37,321 INFO org.apache.juli.logging.DirectJDKLog [main] Starting Servlet engine: [Apache Tomcat/9.0.45]
2022-05-13 02:12:37,607 INFO org.apache.juli.logging.DirectJDKLog [main] Initializing Spring embedded WebApplicationContext
2022-05-13 02:12:37,608 INFO org.springframework.boot.web.servlet.context.ServletWebServerApplicationContext [main] Root WebApplicationContext: initialization completed in 4025 ms
2022-05-13 02:12:38,083 INFO org.hibernate.jpa.internal.util.LogHelper [main] HHH000204: Processing PersistenceUnitInfo [name: default]
2022-05-13 02:12:38,179 INFO org.hibernate.Version [main] HHH000412: Hibernate ORM core version 5.4.30.Final
2022-05-13 02:12:38,414 INFO org.hibernate.annotations.common.reflection.java.JavaReflectionManager [main] HCANN000001: Hibernate Commons Annotations {5.1.2.Final}
2022-05-13 02:12:38,574 INFO com.zaxxer.hikari.HikariDataSource [main] HikariPool-1 - Starting...
2022-05-13 02:12:38,887 INFO com.zaxxer.hikari.HikariDataSource [main] HikariPool-1 - Start completed.
2022-05-13 02:12:38,950 INFO org.hibernate.dialect.Dialect [main] HHH000400: Using dialect: org.hibernate.dialect.PostgreSQL10Dialect
2022-05-13 02:12:40,303 INFO org.hibernate.engine.transaction.jta.platform.internal.JtaPlatformInitiator [main] HHH000490: Using JtaPlatform implementation: [org.hibernate.engine.transaction.jta.platform.internal.NoJtaPlatform]
2022-05-13 02:12:40,316 INFO org.springframework.orm.jpa.AbstractEntityManagerFactoryBean [main] Initialized JPA EntityManagerFactory for persistence unit 'default'
2022-05-13 02:12:40,333 WARN org.springframework.context.support.AbstractApplicationContext [main] Exception encountered during context initialization - cancelling refresh attempt: org.springframework.beans.factory.UnsatisfiedDependencyException: Error creating bean with name 'usuarioControlador': Unsatisfied dependency expressed through field 'medicoServicio'; nested exception is org.springframework.beans.factory.NoSuchBeanDefinitionException: No qualifying bean of type 'com.mx.ipn.usuarios.servicios.MedicoServicio' available: expected at least 1 bean which qualifies as autowire candidate. Dependency annotations: {@org.springframework.beans.factory.annotation.Autowired(required=true)}
2022-05-13 02:12:40,334 INFO org.springframework.orm.jpa.AbstractEntityManagerFactoryBean [main] Closing JPA EntityManagerFactory for persistence unit 'default'
2022-05-13 02:12:40,338 INFO com.zaxxer.hikari.HikariDataSource [main] HikariPool-1 - Shutdown initiated...
2022-05-13 02:12:40,349 INFO com.zaxxer.hikari.HikariDataSource [main] HikariPool-1 - Shutdown completed.
2022-05-13 02:12:40,351 INFO org.apache.juli.logging.DirectJDKLog [main] Stopping service [Tomcat]
2022-05-13 02:12:40,370 INFO org.springframework.boot.autoconfigure.logging.ConditionEvaluationReportLoggingListener [main] 

Error starting ApplicationContext. To display the conditions report re-run your application with 'debug' enabled.
2022-05-13 02:12:40,397 ERROR org.springframework.boot.diagnostics.LoggingFailureAnalysisReporter [main] 

***************************
APPLICATION FAILED TO START
***************************

Description:

Field medicoServicio in com.mx.ipn.usuarios.controladores.UsuarioControlador required a bean of type 'com.mx.ipn.usuarios.servicios.MedicoServicio' that could not be found.

The injection point has the following annotations:
	- @org.springframework.beans.factory.annotation.Autowired(required=true)


Action:

Consider defining a bean of type 'com.mx.ipn.usuarios.servicios.MedicoServicio' in your configuration.

2022-05-13 02:13:06,166 INFO org.springframework.boot.StartupInfoLogger [main] Starting UsuariosApplication using Java 11.0.13 on DESKTOP-GCCAVEG with PID 8800 (C:\workspace-pt\microservicio-usuarios\target\classes started by dervo in C:\workspace-pt\microservicio-usuarios)
2022-05-13 02:13:06,224 INFO org.springframework.boot.SpringApplication [main] No active profile set, falling back to default profiles: default
2022-05-13 02:13:08,698 INFO org.springframework.data.repository.config.RepositoryConfigurationDelegate [main] Bootstrapping Spring Data JPA repositories in DEFAULT mode.
2022-05-13 02:13:08,968 INFO org.springframework.data.repository.config.RepositoryConfigurationDelegate [main] Finished Spring Data repository scanning in 251 ms. Found 3 JPA repository interfaces.
2022-05-13 02:13:11,821 INFO org.springframework.boot.web.embedded.tomcat.TomcatWebServer [main] Tomcat initialized with port(s): 8081 (http)
2022-05-13 02:13:11,851 INFO org.apache.juli.logging.DirectJDKLog [main] Initializing ProtocolHandler ["http-nio-8081"]
2022-05-13 02:13:11,852 INFO org.apache.juli.logging.DirectJDKLog [main] Starting service [Tomcat]
2022-05-13 02:13:11,853 INFO org.apache.juli.logging.DirectJDKLog [main] Starting Servlet engine: [Apache Tomcat/9.0.45]
2022-05-13 02:13:12,044 INFO org.apache.juli.logging.DirectJDKLog [main] Initializing Spring embedded WebApplicationContext
2022-05-13 02:13:12,045 INFO org.springframework.boot.web.servlet.context.ServletWebServerApplicationContext [main] Root WebApplicationContext: initialization completed in 5493 ms
2022-05-13 02:13:12,404 INFO org.hibernate.jpa.internal.util.LogHelper [main] HHH000204: Processing PersistenceUnitInfo [name: default]
2022-05-13 02:13:12,493 INFO org.hibernate.Version [main] HHH000412: Hibernate ORM core version 5.4.30.Final
2022-05-13 02:13:12,765 INFO org.hibernate.annotations.common.reflection.java.JavaReflectionManager [main] HCANN000001: Hibernate Commons Annotations {5.1.2.Final}
2022-05-13 02:13:12,938 INFO com.zaxxer.hikari.HikariDataSource [main] HikariPool-1 - Starting...
2022-05-13 02:13:13,416 INFO com.zaxxer.hikari.HikariDataSource [main] HikariPool-1 - Start completed.
2022-05-13 02:13:13,493 INFO org.hibernate.dialect.Dialect [main] HHH000400: Using dialect: org.hibernate.dialect.PostgreSQL10Dialect
2022-05-13 02:13:15,064 INFO org.hibernate.engine.transaction.jta.platform.internal.JtaPlatformInitiator [main] HHH000490: Using JtaPlatform implementation: [org.hibernate.engine.transaction.jta.platform.internal.NoJtaPlatform]
2022-05-13 02:13:15,078 INFO org.springframework.orm.jpa.AbstractEntityManagerFactoryBean [main] Initialized JPA EntityManagerFactory for persistence unit 'default'
2022-05-13 02:13:15,099 WARN org.springframework.context.support.AbstractApplicationContext [main] Exception encountered during context initialization - cancelling refresh attempt: org.springframework.beans.factory.UnsatisfiedDependencyException: Error creating bean with name 'usuarioControlador': Unsatisfied dependency expressed through field 'usuarioServicio'; nested exception is org.springframework.beans.factory.NoSuchBeanDefinitionException: No qualifying bean of type 'com.mx.ipn.usuarios.servicios.UsuarioServicio' available: expected at least 1 bean which qualifies as autowire candidate. Dependency annotations: {@org.springframework.beans.factory.annotation.Autowired(required=true)}
2022-05-13 02:13:15,100 INFO org.springframework.orm.jpa.AbstractEntityManagerFactoryBean [main] Closing JPA EntityManagerFactory for persistence unit 'default'
2022-05-13 02:13:15,105 INFO com.zaxxer.hikari.HikariDataSource [main] HikariPool-1 - Shutdown initiated...
2022-05-13 02:13:15,116 INFO com.zaxxer.hikari.HikariDataSource [main] HikariPool-1 - Shutdown completed.
2022-05-13 02:13:15,119 INFO org.apache.juli.logging.DirectJDKLog [main] Stopping service [Tomcat]
2022-05-13 02:13:15,139 INFO org.springframework.boot.autoconfigure.logging.ConditionEvaluationReportLoggingListener [main] 

Error starting ApplicationContext. To display the conditions report re-run your application with 'debug' enabled.
2022-05-13 02:13:15,187 ERROR org.springframework.boot.diagnostics.LoggingFailureAnalysisReporter [main] 

***************************
APPLICATION FAILED TO START
***************************

Description:

Field usuarioServicio in com.mx.ipn.usuarios.controladores.UsuarioControlador required a bean of type 'com.mx.ipn.usuarios.servicios.UsuarioServicio' that could not be found.

The injection point has the following annotations:
	- @org.springframework.beans.factory.annotation.Autowired(required=true)


Action:

Consider defining a bean of type 'com.mx.ipn.usuarios.servicios.UsuarioServicio' in your configuration.

2022-05-13 02:21:03,491 INFO org.springframework.boot.StartupInfoLogger [main] Starting UsuariosApplication using Java 11.0.13 on DESKTOP-GCCAVEG with PID 11740 (C:\workspace-pt\microservicio-usuarios\target\classes started by dervo in C:\workspace-pt\microservicio-usuarios)
2022-05-13 02:21:03,499 INFO org.springframework.boot.SpringApplication [main] No active profile set, falling back to default profiles: default
2022-05-13 02:21:04,842 INFO org.springframework.data.repository.config.RepositoryConfigurationDelegate [main] Bootstrapping Spring Data JPA repositories in DEFAULT mode.
2022-05-13 02:21:05,043 INFO org.springframework.data.repository.config.RepositoryConfigurationDelegate [main] Finished Spring Data repository scanning in 183 ms. Found 3 JPA repository interfaces.
2022-05-13 02:21:06,538 INFO org.springframework.boot.web.embedded.tomcat.TomcatWebServer [main] Tomcat initialized with port(s): 8081 (http)
2022-05-13 02:21:06,560 INFO org.apache.juli.logging.DirectJDKLog [main] Initializing ProtocolHandler ["http-nio-8081"]
2022-05-13 02:21:06,561 INFO org.apache.juli.logging.DirectJDKLog [main] Starting service [Tomcat]
2022-05-13 02:21:06,561 INFO org.apache.juli.logging.DirectJDKLog [main] Starting Servlet engine: [Apache Tomcat/9.0.45]
2022-05-13 02:21:06,768 INFO org.apache.juli.logging.DirectJDKLog [main] Initializing Spring embedded WebApplicationContext
2022-05-13 02:21:06,769 INFO org.springframework.boot.web.servlet.context.ServletWebServerApplicationContext [main] Root WebApplicationContext: initialization completed in 3129 ms
2022-05-13 02:21:07,320 INFO org.hibernate.jpa.internal.util.LogHelper [main] HHH000204: Processing PersistenceUnitInfo [name: default]
2022-05-13 02:21:07,486 INFO org.hibernate.Version [main] HHH000412: Hibernate ORM core version 5.4.30.Final
2022-05-13 02:21:07,986 INFO org.hibernate.annotations.common.reflection.java.JavaReflectionManager [main] HCANN000001: Hibernate Commons Annotations {5.1.2.Final}
2022-05-13 02:21:08,220 INFO com.zaxxer.hikari.HikariDataSource [main] HikariPool-1 - Starting...
2022-05-13 02:21:08,623 INFO com.zaxxer.hikari.HikariDataSource [main] HikariPool-1 - Start completed.
2022-05-13 02:21:08,748 INFO org.hibernate.dialect.Dialect [main] HHH000400: Using dialect: org.hibernate.dialect.PostgreSQL10Dialect
2022-05-13 02:21:10,731 INFO org.hibernate.engine.transaction.jta.platform.internal.JtaPlatformInitiator [main] HHH000490: Using JtaPlatform implementation: [org.hibernate.engine.transaction.jta.platform.internal.NoJtaPlatform]
2022-05-13 02:21:10,743 INFO org.springframework.orm.jpa.AbstractEntityManagerFactoryBean [main] Initialized JPA EntityManagerFactory for persistence unit 'default'
2022-05-13 02:21:10,764 WARN org.springframework.context.support.AbstractApplicationContext [main] Exception encountered during context initialization - cancelling refresh attempt: org.springframework.beans.factory.UnsatisfiedDependencyException: Error creating bean with name 'usuarioControlador': Unsatisfied dependency expressed through field 'usuarioServicio'; nested exception is org.springframework.beans.factory.NoSuchBeanDefinitionException: No qualifying bean of type 'com.mx.ipn.usuarios.servicios.UsuarioServicio' available: expected at least 1 bean which qualifies as autowire candidate. Dependency annotations: {@org.springframework.beans.factory.annotation.Autowired(required=true)}
2022-05-13 02:21:10,765 INFO org.springframework.orm.jpa.AbstractEntityManagerFactoryBean [main] Closing JPA EntityManagerFactory for persistence unit 'default'
2022-05-13 02:21:10,769 INFO com.zaxxer.hikari.HikariDataSource [main] HikariPool-1 - Shutdown initiated...
2022-05-13 02:21:10,781 INFO com.zaxxer.hikari.HikariDataSource [main] HikariPool-1 - Shutdown completed.
2022-05-13 02:21:10,783 INFO org.apache.juli.logging.DirectJDKLog [main] Stopping service [Tomcat]
2022-05-13 02:21:10,802 INFO org.springframework.boot.autoconfigure.logging.ConditionEvaluationReportLoggingListener [main] 

Error starting ApplicationContext. To display the conditions report re-run your application with 'debug' enabled.
2022-05-13 02:21:10,838 ERROR org.springframework.boot.diagnostics.LoggingFailureAnalysisReporter [main] 

***************************
APPLICATION FAILED TO START
***************************

Description:

Field usuarioServicio in com.mx.ipn.usuarios.controladores.UsuarioControlador required a bean of type 'com.mx.ipn.usuarios.servicios.UsuarioServicio' that could not be found.

The injection point has the following annotations:
	- @org.springframework.beans.factory.annotation.Autowired(required=true)


Action:

Consider defining a bean of type 'com.mx.ipn.usuarios.servicios.UsuarioServicio' in your configuration.

2022-05-13 02:23:29,661 INFO org.springframework.boot.StartupInfoLogger [main] Starting UsuariosApplication using Java 11.0.13 on DESKTOP-GCCAVEG with PID 8220 (C:\workspace-pt\microservicio-usuarios\target\classes started by dervo in C:\workspace-pt\microservicio-usuarios)
2022-05-13 02:23:29,667 INFO org.springframework.boot.SpringApplication [main] No active profile set, falling back to default profiles: default
2022-05-13 02:23:30,758 INFO org.springframework.data.repository.config.RepositoryConfigurationDelegate [main] Bootstrapping Spring Data JPA repositories in DEFAULT mode.
2022-05-13 02:23:30,928 INFO org.springframework.data.repository.config.RepositoryConfigurationDelegate [main] Finished Spring Data repository scanning in 155 ms. Found 3 JPA repository interfaces.
2022-05-13 02:23:32,275 INFO org.springframework.boot.web.embedded.tomcat.TomcatWebServer [main] Tomcat initialized with port(s): 8081 (http)
2022-05-13 02:23:32,292 INFO org.apache.juli.logging.DirectJDKLog [main] Initializing ProtocolHandler ["http-nio-8081"]
2022-05-13 02:23:32,293 INFO org.apache.juli.logging.DirectJDKLog [main] Starting service [Tomcat]
2022-05-13 02:23:32,293 INFO org.apache.juli.logging.DirectJDKLog [main] Starting Servlet engine: [Apache Tomcat/9.0.45]
2022-05-13 02:23:32,480 INFO org.apache.juli.logging.DirectJDKLog [main] Initializing Spring embedded WebApplicationContext
2022-05-13 02:23:32,480 INFO org.springframework.boot.web.servlet.context.ServletWebServerApplicationContext [main] Root WebApplicationContext: initialization completed in 2692 ms
2022-05-13 02:23:32,876 INFO org.hibernate.jpa.internal.util.LogHelper [main] HHH000204: Processing PersistenceUnitInfo [name: default]
2022-05-13 02:23:32,992 INFO org.hibernate.Version [main] HHH000412: Hibernate ORM core version 5.4.30.Final
2022-05-13 02:23:33,212 INFO org.hibernate.annotations.common.reflection.java.JavaReflectionManager [main] HCANN000001: Hibernate Commons Annotations {5.1.2.Final}
2022-05-13 02:23:33,396 INFO com.zaxxer.hikari.HikariDataSource [main] HikariPool-1 - Starting...
2022-05-13 02:23:33,703 INFO com.zaxxer.hikari.HikariDataSource [main] HikariPool-1 - Start completed.
2022-05-13 02:23:33,763 INFO org.hibernate.dialect.Dialect [main] HHH000400: Using dialect: org.hibernate.dialect.PostgreSQL10Dialect
2022-05-13 02:23:35,028 INFO org.hibernate.engine.transaction.jta.platform.internal.JtaPlatformInitiator [main] HHH000490: Using JtaPlatform implementation: [org.hibernate.engine.transaction.jta.platform.internal.NoJtaPlatform]
2022-05-13 02:23:35,040 INFO org.springframework.orm.jpa.AbstractEntityManagerFactoryBean [main] Initialized JPA EntityManagerFactory for persistence unit 'default'
2022-05-13 02:23:35,056 WARN org.springframework.context.support.AbstractApplicationContext [main] Exception encountered during context initialization - cancelling refresh attempt: org.springframework.beans.factory.UnsatisfiedDependencyException: Error creating bean with name 'usuarioControlador' defined in file [C:\workspace-pt\microservicio-usuarios\target\classes\com\mx\ipn\usuarios\controladores\UsuarioControlador.class]: Unsatisfied dependency expressed through constructor parameter 0; nested exception is org.springframework.beans.factory.NoSuchBeanDefinitionException: No qualifying bean of type 'com.mx.ipn.usuarios.servicios.impl.UsuarioServicioImpl' available: expected at least 1 bean which qualifies as autowire candidate. Dependency annotations: {}
2022-05-13 02:23:35,056 INFO org.springframework.orm.jpa.AbstractEntityManagerFactoryBean [main] Closing JPA EntityManagerFactory for persistence unit 'default'
2022-05-13 02:23:35,061 INFO com.zaxxer.hikari.HikariDataSource [main] HikariPool-1 - Shutdown initiated...
2022-05-13 02:23:35,071 INFO com.zaxxer.hikari.HikariDataSource [main] HikariPool-1 - Shutdown completed.
2022-05-13 02:23:35,073 INFO org.apache.juli.logging.DirectJDKLog [main] Stopping service [Tomcat]
2022-05-13 02:23:35,088 INFO org.springframework.boot.autoconfigure.logging.ConditionEvaluationReportLoggingListener [main] 

Error starting ApplicationContext. To display the conditions report re-run your application with 'debug' enabled.
2022-05-13 02:23:35,118 ERROR org.springframework.boot.diagnostics.LoggingFailureAnalysisReporter [main] 

***************************
APPLICATION FAILED TO START
***************************

Description:

Parameter 0 of constructor in com.mx.ipn.usuarios.controladores.UsuarioControlador required a bean of type 'com.mx.ipn.usuarios.servicios.impl.UsuarioServicioImpl' that could not be found.


Action:

Consider defining a bean of type 'com.mx.ipn.usuarios.servicios.impl.UsuarioServicioImpl' in your configuration.

2022-05-13 02:24:30,636 INFO org.springframework.boot.StartupInfoLogger [main] Starting UsuariosApplication using Java 11.0.13 on DESKTOP-GCCAVEG with PID 8328 (C:\workspace-pt\microservicio-usuarios\target\classes started by dervo in C:\workspace-pt\microservicio-usuarios)
2022-05-13 02:24:30,641 INFO org.springframework.boot.SpringApplication [main] No active profile set, falling back to default profiles: default
2022-05-13 02:24:31,708 INFO org.springframework.data.repository.config.RepositoryConfigurationDelegate [main] Bootstrapping Spring Data JPA repositories in DEFAULT mode.
2022-05-13 02:24:31,917 INFO org.springframework.data.repository.config.RepositoryConfigurationDelegate [main] Finished Spring Data repository scanning in 192 ms. Found 3 JPA repository interfaces.
2022-05-13 02:24:33,434 INFO org.springframework.boot.web.embedded.tomcat.TomcatWebServer [main] Tomcat initialized with port(s): 8081 (http)
2022-05-13 02:24:33,451 INFO org.apache.juli.logging.DirectJDKLog [main] Initializing ProtocolHandler ["http-nio-8081"]
2022-05-13 02:24:33,452 INFO org.apache.juli.logging.DirectJDKLog [main] Starting service [Tomcat]
2022-05-13 02:24:33,453 INFO org.apache.juli.logging.DirectJDKLog [main] Starting Servlet engine: [Apache Tomcat/9.0.45]
2022-05-13 02:24:33,639 INFO org.apache.juli.logging.DirectJDKLog [main] Initializing Spring embedded WebApplicationContext
2022-05-13 02:24:33,640 INFO org.springframework.boot.web.servlet.context.ServletWebServerApplicationContext [main] Root WebApplicationContext: initialization completed in 2873 ms
2022-05-13 02:24:33,954 INFO org.hibernate.jpa.internal.util.LogHelper [main] HHH000204: Processing PersistenceUnitInfo [name: default]
2022-05-13 02:24:34,027 INFO org.hibernate.Version [main] HHH000412: Hibernate ORM core version 5.4.30.Final
2022-05-13 02:24:34,245 INFO org.hibernate.annotations.common.reflection.java.JavaReflectionManager [main] HCANN000001: Hibernate Commons Annotations {5.1.2.Final}
2022-05-13 02:24:34,418 INFO com.zaxxer.hikari.HikariDataSource [main] HikariPool-1 - Starting...
2022-05-13 02:24:34,731 INFO com.zaxxer.hikari.HikariDataSource [main] HikariPool-1 - Start completed.
2022-05-13 02:24:34,792 INFO org.hibernate.dialect.Dialect [main] HHH000400: Using dialect: org.hibernate.dialect.PostgreSQL10Dialect
2022-05-13 02:24:36,133 INFO org.hibernate.engine.transaction.jta.platform.internal.JtaPlatformInitiator [main] HHH000490: Using JtaPlatform implementation: [org.hibernate.engine.transaction.jta.platform.internal.NoJtaPlatform]
2022-05-13 02:24:36,144 INFO org.springframework.orm.jpa.AbstractEntityManagerFactoryBean [main] Initialized JPA EntityManagerFactory for persistence unit 'default'
2022-05-13 02:24:36,161 WARN org.springframework.context.support.AbstractApplicationContext [main] Exception encountered during context initialization - cancelling refresh attempt: org.springframework.beans.factory.BeanCreationException: Error creating bean with name 'usuarioControlador': Invalid autowire-marked constructor: public com.mx.ipn.usuarios.controladores.UsuarioControlador(com.mx.ipn.usuarios.servicios.impl.UsuarioServicioImpl). Found constructor with 'required' Autowired annotation already: public com.mx.ipn.usuarios.controladores.UsuarioControlador(com.mx.ipn.usuarios.servicios.impl.MedicoServicioImpl)
2022-05-13 02:24:36,162 INFO org.springframework.orm.jpa.AbstractEntityManagerFactoryBean [main] Closing JPA EntityManagerFactory for persistence unit 'default'
2022-05-13 02:24:36,166 INFO com.zaxxer.hikari.HikariDataSource [main] HikariPool-1 - Shutdown initiated...
2022-05-13 02:24:36,176 INFO com.zaxxer.hikari.HikariDataSource [main] HikariPool-1 - Shutdown completed.
2022-05-13 02:24:36,178 INFO org.apache.juli.logging.DirectJDKLog [main] Stopping service [Tomcat]
2022-05-13 02:24:36,191 INFO org.springframework.boot.autoconfigure.logging.ConditionEvaluationReportLoggingListener [main] 

Error starting ApplicationContext. To display the conditions report re-run your application with 'debug' enabled.
2022-05-13 02:24:36,233 ERROR org.springframework.boot.SpringApplication [main] Application run failed
org.springframework.beans.factory.BeanCreationException: Error creating bean with name 'usuarioControlador': Invalid autowire-marked constructor: public com.mx.ipn.usuarios.controladores.UsuarioControlador(com.mx.ipn.usuarios.servicios.impl.UsuarioServicioImpl). Found constructor with 'required' Autowired annotation already: public com.mx.ipn.usuarios.controladores.UsuarioControlador(com.mx.ipn.usuarios.servicios.impl.MedicoServicioImpl)
	at org.springframework.beans.factory.annotation.AutowiredAnnotationBeanPostProcessor.determineCandidateConstructors(AutowiredAnnotationBeanPostProcessor.java:339)
	at org.springframework.beans.factory.support.AbstractAutowireCapableBeanFactory.determineConstructorsFromBeanPostProcessors(AbstractAutowireCapableBeanFactory.java:1284)
	at org.springframework.beans.factory.support.AbstractAutowireCapableBeanFactory.createBeanInstance(AbstractAutowireCapableBeanFactory.java:1201)
	at org.springframework.beans.factory.support.AbstractAutowireCapableBeanFactory.doCreateBean(AbstractAutowireCapableBeanFactory.java:564)
	at org.springframework.beans.factory.support.AbstractAutowireCapableBeanFactory.createBean(AbstractAutowireCapableBeanFactory.java:524)
	at org.springframework.beans.factory.support.AbstractBeanFactory.lambda$doGetBean$0(AbstractBeanFactory.java:335)
	at org.springframework.beans.factory.support.DefaultSingletonBeanRegistry.getSingleton(DefaultSingletonBeanRegistry.java:234)
	at org.springframework.beans.factory.support.AbstractBeanFactory.doGetBean(AbstractBeanFactory.java:333)
	at org.springframework.beans.factory.support.AbstractBeanFactory.getBean(AbstractBeanFactory.java:208)
	at org.springframework.beans.factory.support.DefaultListableBeanFactory.preInstantiateSingletons(DefaultListableBeanFactory.java:944)
	at org.springframework.context.support.AbstractApplicationContext.finishBeanFactoryInitialization(AbstractApplicationContext.java:918)
	at org.springframework.context.support.AbstractApplicationContext.refresh(AbstractApplicationContext.java:583)
	at org.springframework.boot.web.servlet.context.ServletWebServerApplicationContext.refresh(ServletWebServerApplicationContext.java:144)
	at org.springframework.boot.SpringApplication.refresh(SpringApplication.java:782)
	at org.springframework.boot.SpringApplication.refresh(SpringApplication.java:774)
	at org.springframework.boot.SpringApplication.refreshContext(SpringApplication.java:439)
	at org.springframework.boot.SpringApplication.run(SpringApplication.java:339)
	at org.springframework.boot.SpringApplication.run(SpringApplication.java:1340)
	at org.springframework.boot.SpringApplication.run(SpringApplication.java:1329)
	at com.mx.ipn.usuarios.UsuariosApplication.main(UsuariosApplication.java:22)
2022-05-13 02:26:20,882 INFO org.springframework.boot.StartupInfoLogger [main] Starting UsuariosApplication using Java 11.0.13 on DESKTOP-GCCAVEG with PID 20532 (C:\workspace-pt\microservicio-usuarios\target\classes started by dervo in C:\workspace-pt\microservicio-usuarios)
2022-05-13 02:26:20,886 INFO org.springframework.boot.SpringApplication [main] No active profile set, falling back to default profiles: default
2022-05-13 02:26:21,958 INFO org.springframework.data.repository.config.RepositoryConfigurationDelegate [main] Bootstrapping Spring Data JPA repositories in DEFAULT mode.
2022-05-13 02:26:22,219 INFO org.springframework.data.repository.config.RepositoryConfigurationDelegate [main] Finished Spring Data repository scanning in 244 ms. Found 3 JPA repository interfaces.
2022-05-13 02:26:23,845 INFO org.springframework.boot.web.embedded.tomcat.TomcatWebServer [main] Tomcat initialized with port(s): 8081 (http)
2022-05-13 02:26:23,860 INFO org.apache.juli.logging.DirectJDKLog [main] Initializing ProtocolHandler ["http-nio-8081"]
2022-05-13 02:26:23,861 INFO org.apache.juli.logging.DirectJDKLog [main] Starting service [Tomcat]
2022-05-13 02:26:23,862 INFO org.apache.juli.logging.DirectJDKLog [main] Starting Servlet engine: [Apache Tomcat/9.0.45]
2022-05-13 02:26:24,031 INFO org.apache.juli.logging.DirectJDKLog [main] Initializing Spring embedded WebApplicationContext
2022-05-13 02:26:24,032 INFO org.springframework.boot.web.servlet.context.ServletWebServerApplicationContext [main] Root WebApplicationContext: initialization completed in 3025 ms
2022-05-13 02:26:24,339 INFO org.hibernate.jpa.internal.util.LogHelper [main] HHH000204: Processing PersistenceUnitInfo [name: default]
2022-05-13 02:26:24,417 INFO org.hibernate.Version [main] HHH000412: Hibernate ORM core version 5.4.30.Final
2022-05-13 02:26:24,649 INFO org.hibernate.annotations.common.reflection.java.JavaReflectionManager [main] HCANN000001: Hibernate Commons Annotations {5.1.2.Final}
2022-05-13 02:26:24,814 INFO com.zaxxer.hikari.HikariDataSource [main] HikariPool-1 - Starting...
2022-05-13 02:26:25,103 INFO com.zaxxer.hikari.HikariDataSource [main] HikariPool-1 - Start completed.
2022-05-13 02:26:25,161 INFO org.hibernate.dialect.Dialect [main] HHH000400: Using dialect: org.hibernate.dialect.PostgreSQL10Dialect
2022-05-13 02:26:26,381 INFO org.hibernate.engine.transaction.jta.platform.internal.JtaPlatformInitiator [main] HHH000490: Using JtaPlatform implementation: [org.hibernate.engine.transaction.jta.platform.internal.NoJtaPlatform]
2022-05-13 02:26:26,396 INFO org.springframework.orm.jpa.AbstractEntityManagerFactoryBean [main] Initialized JPA EntityManagerFactory for persistence unit 'default'
2022-05-13 02:26:26,416 WARN org.springframework.context.support.AbstractApplicationContext [main] Exception encountered during context initialization - cancelling refresh attempt: org.springframework.beans.factory.UnsatisfiedDependencyException: Error creating bean with name 'usuarioControlador': Unsatisfied dependency expressed through field 'usuarioServicio'; nested exception is org.springframework.beans.factory.NoSuchBeanDefinitionException: No qualifying bean of type 'com.mx.ipn.usuarios.servicios.UsuarioServicio' available: expected at least 1 bean which qualifies as autowire candidate. Dependency annotations: {@org.springframework.beans.factory.annotation.Autowired(required=true)}
2022-05-13 02:26:26,417 INFO org.springframework.orm.jpa.AbstractEntityManagerFactoryBean [main] Closing JPA EntityManagerFactory for persistence unit 'default'
2022-05-13 02:26:26,421 INFO com.zaxxer.hikari.HikariDataSource [main] HikariPool-1 - Shutdown initiated...
2022-05-13 02:26:26,431 INFO com.zaxxer.hikari.HikariDataSource [main] HikariPool-1 - Shutdown completed.
2022-05-13 02:26:26,433 INFO org.apache.juli.logging.DirectJDKLog [main] Stopping service [Tomcat]
2022-05-13 02:26:26,447 INFO org.springframework.boot.autoconfigure.logging.ConditionEvaluationReportLoggingListener [main] 

Error starting ApplicationContext. To display the conditions report re-run your application with 'debug' enabled.
2022-05-13 02:26:26,473 ERROR org.springframework.boot.diagnostics.LoggingFailureAnalysisReporter [main] 

***************************
APPLICATION FAILED TO START
***************************

Description:

Field usuarioServicio in com.mx.ipn.usuarios.controladores.UsuarioControlador required a bean of type 'com.mx.ipn.usuarios.servicios.UsuarioServicio' that could not be found.

The injection point has the following annotations:
	- @org.springframework.beans.factory.annotation.Autowired(required=true)


Action:

Consider defining a bean of type 'com.mx.ipn.usuarios.servicios.UsuarioServicio' in your configuration.

2022-05-13 02:27:20,321 INFO org.springframework.boot.StartupInfoLogger [main] Starting UsuariosApplication using Java 11.0.13 on DESKTOP-GCCAVEG with PID 6300 (C:\workspace-pt\microservicio-usuarios\target\classes started by dervo in C:\workspace-pt\microservicio-usuarios)
2022-05-13 02:27:20,326 INFO org.springframework.boot.SpringApplication [main] No active profile set, falling back to default profiles: default
2022-05-13 02:27:22,093 INFO org.springframework.data.repository.config.RepositoryConfigurationDelegate [main] Bootstrapping Spring Data JPA repositories in DEFAULT mode.
2022-05-13 02:27:22,392 INFO org.springframework.data.repository.config.RepositoryConfigurationDelegate [main] Finished Spring Data repository scanning in 280 ms. Found 3 JPA repository interfaces.
2022-05-13 02:27:24,526 INFO org.springframework.boot.web.embedded.tomcat.TomcatWebServer [main] Tomcat initialized with port(s): 8081 (http)
2022-05-13 02:27:24,547 INFO org.apache.juli.logging.DirectJDKLog [main] Initializing ProtocolHandler ["http-nio-8081"]
2022-05-13 02:27:24,548 INFO org.apache.juli.logging.DirectJDKLog [main] Starting service [Tomcat]
2022-05-13 02:27:24,548 INFO org.apache.juli.logging.DirectJDKLog [main] Starting Servlet engine: [Apache Tomcat/9.0.45]
2022-05-13 02:27:24,789 INFO org.apache.juli.logging.DirectJDKLog [main] Initializing Spring embedded WebApplicationContext
2022-05-13 02:27:24,790 INFO org.springframework.boot.web.servlet.context.ServletWebServerApplicationContext [main] Root WebApplicationContext: initialization completed in 4342 ms
2022-05-13 02:27:25,355 INFO org.hibernate.jpa.internal.util.LogHelper [main] HHH000204: Processing PersistenceUnitInfo [name: default]
2022-05-13 02:27:25,529 INFO org.hibernate.Version [main] HHH000412: Hibernate ORM core version 5.4.30.Final
2022-05-13 02:27:25,990 INFO org.hibernate.annotations.common.reflection.java.JavaReflectionManager [main] HCANN000001: Hibernate Commons Annotations {5.1.2.Final}
2022-05-13 02:27:26,342 INFO com.zaxxer.hikari.HikariDataSource [main] HikariPool-1 - Starting...
2022-05-13 02:27:27,163 INFO com.zaxxer.hikari.HikariDataSource [main] HikariPool-1 - Start completed.
2022-05-13 02:27:27,324 INFO org.hibernate.dialect.Dialect [main] HHH000400: Using dialect: org.hibernate.dialect.PostgreSQL10Dialect
2022-05-13 02:27:31,018 INFO org.hibernate.engine.transaction.jta.platform.internal.JtaPlatformInitiator [main] HHH000490: Using JtaPlatform implementation: [org.hibernate.engine.transaction.jta.platform.internal.NoJtaPlatform]
2022-05-13 02:27:31,031 INFO org.springframework.orm.jpa.AbstractEntityManagerFactoryBean [main] Initialized JPA EntityManagerFactory for persistence unit 'default'
2022-05-13 02:27:31,051 WARN org.springframework.context.support.AbstractApplicationContext [main] Exception encountered during context initialization - cancelling refresh attempt: org.springframework.beans.factory.UnsatisfiedDependencyException: Error creating bean with name 'usuarioControlador': Unsatisfied dependency expressed through field 'usuarioServicio'; nested exception is org.springframework.beans.factory.NoSuchBeanDefinitionException: No qualifying bean of type 'com.mx.ipn.usuarios.servicios.UsuarioServicio' available: expected at least 1 bean which qualifies as autowire candidate. Dependency annotations: {@org.springframework.beans.factory.annotation.Autowired(required=true)}
2022-05-13 02:27:31,051 INFO org.springframework.orm.jpa.AbstractEntityManagerFactoryBean [main] Closing JPA EntityManagerFactory for persistence unit 'default'
2022-05-13 02:27:31,056 INFO com.zaxxer.hikari.HikariDataSource [main] HikariPool-1 - Shutdown initiated...
2022-05-13 02:27:31,072 INFO com.zaxxer.hikari.HikariDataSource [main] HikariPool-1 - Shutdown completed.
2022-05-13 02:27:31,074 INFO org.apache.juli.logging.DirectJDKLog [main] Stopping service [Tomcat]
2022-05-13 02:27:31,105 INFO org.springframework.boot.autoconfigure.logging.ConditionEvaluationReportLoggingListener [main] 

Error starting ApplicationContext. To display the conditions report re-run your application with 'debug' enabled.
2022-05-13 02:27:31,154 ERROR org.springframework.boot.diagnostics.LoggingFailureAnalysisReporter [main] 

***************************
APPLICATION FAILED TO START
***************************

Description:

Field usuarioServicio in com.mx.ipn.usuarios.controladores.UsuarioControlador required a bean of type 'com.mx.ipn.usuarios.servicios.UsuarioServicio' that could not be found.

The injection point has the following annotations:
	- @org.springframework.beans.factory.annotation.Autowired(required=true)


Action:

Consider defining a bean of type 'com.mx.ipn.usuarios.servicios.UsuarioServicio' in your configuration.

2022-05-13 02:28:08,192 INFO org.springframework.boot.StartupInfoLogger [main] Starting UsuariosApplication using Java 11.0.13 on DESKTOP-GCCAVEG with PID 19992 (C:\workspace-pt\microservicio-usuarios\target\classes started by dervo in C:\workspace-pt\microservicio-usuarios)
2022-05-13 02:28:08,196 INFO org.springframework.boot.SpringApplication [main] No active profile set, falling back to default profiles: default
2022-05-13 02:28:09,512 INFO org.springframework.data.repository.config.RepositoryConfigurationDelegate [main] Bootstrapping Spring Data JPA repositories in DEFAULT mode.
2022-05-13 02:28:09,711 INFO org.springframework.data.repository.config.RepositoryConfigurationDelegate [main] Finished Spring Data repository scanning in 184 ms. Found 3 JPA repository interfaces.
2022-05-13 02:28:11,517 INFO org.springframework.boot.web.embedded.tomcat.TomcatWebServer [main] Tomcat initialized with port(s): 8081 (http)
2022-05-13 02:28:11,543 INFO org.apache.juli.logging.DirectJDKLog [main] Initializing ProtocolHandler ["http-nio-8081"]
2022-05-13 02:28:11,545 INFO org.apache.juli.logging.DirectJDKLog [main] Starting service [Tomcat]
2022-05-13 02:28:11,545 INFO org.apache.juli.logging.DirectJDKLog [main] Starting Servlet engine: [Apache Tomcat/9.0.45]
2022-05-13 02:28:11,792 INFO org.apache.juli.logging.DirectJDKLog [main] Initializing Spring embedded WebApplicationContext
2022-05-13 02:28:11,793 INFO org.springframework.boot.web.servlet.context.ServletWebServerApplicationContext [main] Root WebApplicationContext: initialization completed in 3426 ms
2022-05-13 02:28:12,107 INFO org.hibernate.jpa.internal.util.LogHelper [main] HHH000204: Processing PersistenceUnitInfo [name: default]
2022-05-13 02:28:12,192 INFO org.hibernate.Version [main] HHH000412: Hibernate ORM core version 5.4.30.Final
2022-05-13 02:28:12,536 INFO org.hibernate.annotations.common.reflection.java.JavaReflectionManager [main] HCANN000001: Hibernate Commons Annotations {5.1.2.Final}
2022-05-13 02:28:12,740 INFO com.zaxxer.hikari.HikariDataSource [main] HikariPool-1 - Starting...
2022-05-13 02:28:13,130 INFO com.zaxxer.hikari.HikariDataSource [main] HikariPool-1 - Start completed.
2022-05-13 02:28:13,208 INFO org.hibernate.dialect.Dialect [main] HHH000400: Using dialect: org.hibernate.dialect.PostgreSQL10Dialect
2022-05-13 02:28:14,931 INFO org.hibernate.engine.transaction.jta.platform.internal.JtaPlatformInitiator [main] HHH000490: Using JtaPlatform implementation: [org.hibernate.engine.transaction.jta.platform.internal.NoJtaPlatform]
2022-05-13 02:28:14,942 INFO org.springframework.orm.jpa.AbstractEntityManagerFactoryBean [main] Initialized JPA EntityManagerFactory for persistence unit 'default'
2022-05-13 02:28:14,963 WARN org.springframework.context.support.AbstractApplicationContext [main] Exception encountered during context initialization - cancelling refresh attempt: org.springframework.beans.factory.UnsatisfiedDependencyException: Error creating bean with name 'usuarioControlador': Unsatisfied dependency expressed through field 'usuarioServicio'; nested exception is org.springframework.beans.factory.NoSuchBeanDefinitionException: No qualifying bean of type 'com.mx.ipn.usuarios.servicios.UsuarioServicio' available: expected at least 1 bean which qualifies as autowire candidate. Dependency annotations: {@org.springframework.beans.factory.annotation.Autowired(required=true)}
2022-05-13 02:28:14,963 INFO org.springframework.orm.jpa.AbstractEntityManagerFactoryBean [main] Closing JPA EntityManagerFactory for persistence unit 'default'
2022-05-13 02:28:14,968 INFO com.zaxxer.hikari.HikariDataSource [main] HikariPool-1 - Shutdown initiated...
2022-05-13 02:28:14,980 INFO com.zaxxer.hikari.HikariDataSource [main] HikariPool-1 - Shutdown completed.
2022-05-13 02:28:14,983 INFO org.apache.juli.logging.DirectJDKLog [main] Stopping service [Tomcat]
2022-05-13 02:28:15,004 INFO org.springframework.boot.autoconfigure.logging.ConditionEvaluationReportLoggingListener [main] 

Error starting ApplicationContext. To display the conditions report re-run your application with 'debug' enabled.
2022-05-13 02:28:15,030 ERROR org.springframework.boot.diagnostics.LoggingFailureAnalysisReporter [main] 

***************************
APPLICATION FAILED TO START
***************************

Description:

Field usuarioServicio in com.mx.ipn.usuarios.controladores.UsuarioControlador required a bean of type 'com.mx.ipn.usuarios.servicios.UsuarioServicio' that could not be found.

The injection point has the following annotations:
	- @org.springframework.beans.factory.annotation.Autowired(required=true)


Action:

Consider defining a bean of type 'com.mx.ipn.usuarios.servicios.UsuarioServicio' in your configuration.

2022-05-13 10:00:48,590 INFO org.springframework.boot.StartupInfoLogger [main] Starting UsuariosApplication using Java 11.0.13 on DESKTOP-GCCAVEG with PID 17292 (C:\workspace-pt\microservicio-usuarios\target\classes started by dervo in C:\workspace-pt\microservicio-usuarios)
2022-05-13 10:00:48,598 INFO org.springframework.boot.SpringApplication [main] No active profile set, falling back to default profiles: default
2022-05-13 10:00:49,933 INFO org.springframework.data.repository.config.RepositoryConfigurationDelegate [main] Bootstrapping Spring Data JPA repositories in DEFAULT mode.
2022-05-13 10:00:50,102 INFO org.springframework.data.repository.config.RepositoryConfigurationDelegate [main] Finished Spring Data repository scanning in 152 ms. Found 3 JPA repository interfaces.
2022-05-13 10:00:53,155 INFO org.springframework.boot.web.embedded.tomcat.TomcatWebServer [main] Tomcat initialized with port(s): 8081 (http)
2022-05-13 10:00:53,180 INFO org.apache.juli.logging.DirectJDKLog [main] Initializing ProtocolHandler ["http-nio-8081"]
2022-05-13 10:00:53,181 INFO org.apache.juli.logging.DirectJDKLog [main] Starting service [Tomcat]
2022-05-13 10:00:53,182 INFO org.apache.juli.logging.DirectJDKLog [main] Starting Servlet engine: [Apache Tomcat/9.0.45]
2022-05-13 10:00:53,444 INFO org.apache.juli.logging.DirectJDKLog [main] Initializing Spring embedded WebApplicationContext
2022-05-13 10:00:53,445 INFO org.springframework.boot.web.servlet.context.ServletWebServerApplicationContext [main] Root WebApplicationContext: initialization completed in 4683 ms
2022-05-13 10:00:54,102 INFO org.hibernate.jpa.internal.util.LogHelper [main] HHH000204: Processing PersistenceUnitInfo [name: default]
2022-05-13 10:00:54,323 INFO org.hibernate.Version [main] HHH000412: Hibernate ORM core version 5.4.30.Final
2022-05-13 10:00:54,662 INFO org.hibernate.annotations.common.reflection.java.JavaReflectionManager [main] HCANN000001: Hibernate Commons Annotations {5.1.2.Final}
2022-05-13 10:00:54,923 INFO com.zaxxer.hikari.HikariDataSource [main] HikariPool-1 - Starting...
2022-05-13 10:00:55,876 INFO com.zaxxer.hikari.HikariDataSource [main] HikariPool-1 - Start completed.
2022-05-13 10:00:55,938 INFO org.hibernate.dialect.Dialect [main] HHH000400: Using dialect: org.hibernate.dialect.PostgreSQL10Dialect
2022-05-13 10:00:57,672 INFO org.hibernate.engine.transaction.jta.platform.internal.JtaPlatformInitiator [main] HHH000490: Using JtaPlatform implementation: [org.hibernate.engine.transaction.jta.platform.internal.NoJtaPlatform]
2022-05-13 10:00:57,685 INFO org.springframework.orm.jpa.AbstractEntityManagerFactoryBean [main] Initialized JPA EntityManagerFactory for persistence unit 'default'
2022-05-13 10:00:57,707 WARN org.springframework.context.support.AbstractApplicationContext [main] Exception encountered during context initialization - cancelling refresh attempt: org.springframework.beans.factory.UnsatisfiedDependencyException: Error creating bean with name 'usuarioControlador': Unsatisfied dependency expressed through field 'usuarioServicio'; nested exception is org.springframework.beans.factory.NoSuchBeanDefinitionException: No qualifying bean of type 'com.mx.ipn.usuarios.servicios.UsuarioServicio' available: expected at least 1 bean which qualifies as autowire candidate. Dependency annotations: {@org.springframework.beans.factory.annotation.Autowired(required=true)}
2022-05-13 10:00:57,707 INFO org.springframework.orm.jpa.AbstractEntityManagerFactoryBean [main] Closing JPA EntityManagerFactory for persistence unit 'default'
2022-05-13 10:00:57,712 INFO com.zaxxer.hikari.HikariDataSource [main] HikariPool-1 - Shutdown initiated...
2022-05-13 10:00:57,723 INFO com.zaxxer.hikari.HikariDataSource [main] HikariPool-1 - Shutdown completed.
2022-05-13 10:00:57,726 INFO org.apache.juli.logging.DirectJDKLog [main] Stopping service [Tomcat]
2022-05-13 10:00:57,744 INFO org.springframework.boot.autoconfigure.logging.ConditionEvaluationReportLoggingListener [main] 

Error starting ApplicationContext. To display the conditions report re-run your application with 'debug' enabled.
2022-05-13 10:00:57,772 ERROR org.springframework.boot.diagnostics.LoggingFailureAnalysisReporter [main] 

***************************
APPLICATION FAILED TO START
***************************

Description:

Field usuarioServicio in com.mx.ipn.usuarios.controladores.UsuarioControlador required a bean of type 'com.mx.ipn.usuarios.servicios.UsuarioServicio' that could not be found.

The injection point has the following annotations:
	- @org.springframework.beans.factory.annotation.Autowired(required=true)


Action:

Consider defining a bean of type 'com.mx.ipn.usuarios.servicios.UsuarioServicio' in your configuration.

2022-05-13 10:01:34,355 INFO org.springframework.boot.StartupInfoLogger [main] Starting UsuariosApplication using Java 11.0.13 on DESKTOP-GCCAVEG with PID 1356 (C:\workspace-pt\microservicio-usuarios\target\classes started by dervo in C:\workspace-pt\microservicio-usuarios)
2022-05-13 10:01:34,362 INFO org.springframework.boot.SpringApplication [main] No active profile set, falling back to default profiles: default
2022-05-13 10:01:35,521 INFO org.springframework.data.repository.config.RepositoryConfigurationDelegate [main] Bootstrapping Spring Data JPA repositories in DEFAULT mode.
2022-05-13 10:01:36,039 INFO org.springframework.data.repository.config.RepositoryConfigurationDelegate [main] Finished Spring Data repository scanning in 483 ms. Found 3 JPA repository interfaces.
2022-05-13 10:01:38,130 INFO org.springframework.boot.web.embedded.tomcat.TomcatWebServer [main] Tomcat initialized with port(s): 8081 (http)
2022-05-13 10:01:38,151 INFO org.apache.juli.logging.DirectJDKLog [main] Initializing ProtocolHandler ["http-nio-8081"]
2022-05-13 10:01:38,153 INFO org.apache.juli.logging.DirectJDKLog [main] Starting service [Tomcat]
2022-05-13 10:01:38,154 INFO org.apache.juli.logging.DirectJDKLog [main] Starting Servlet engine: [Apache Tomcat/9.0.45]
2022-05-13 10:01:38,340 INFO org.apache.juli.logging.DirectJDKLog [main] Initializing Spring embedded WebApplicationContext
2022-05-13 10:01:38,340 INFO org.springframework.boot.web.servlet.context.ServletWebServerApplicationContext [main] Root WebApplicationContext: initialization completed in 3843 ms
2022-05-13 10:01:38,659 INFO org.hibernate.jpa.internal.util.LogHelper [main] HHH000204: Processing PersistenceUnitInfo [name: default]
2022-05-13 10:01:38,735 INFO org.hibernate.Version [main] HHH000412: Hibernate ORM core version 5.4.30.Final
2022-05-13 10:01:38,964 INFO org.hibernate.annotations.common.reflection.java.JavaReflectionManager [main] HCANN000001: Hibernate Commons Annotations {5.1.2.Final}
2022-05-13 10:01:39,123 INFO com.zaxxer.hikari.HikariDataSource [main] HikariPool-1 - Starting...
2022-05-13 10:01:39,426 INFO com.zaxxer.hikari.HikariDataSource [main] HikariPool-1 - Start completed.
2022-05-13 10:01:39,496 INFO org.hibernate.dialect.Dialect [main] HHH000400: Using dialect: org.hibernate.dialect.PostgreSQL10Dialect
2022-05-13 10:01:40,837 INFO org.hibernate.engine.transaction.jta.platform.internal.JtaPlatformInitiator [main] HHH000490: Using JtaPlatform implementation: [org.hibernate.engine.transaction.jta.platform.internal.NoJtaPlatform]
2022-05-13 10:01:40,850 INFO org.springframework.orm.jpa.AbstractEntityManagerFactoryBean [main] Initialized JPA EntityManagerFactory for persistence unit 'default'
2022-05-13 10:01:41,400 WARN org.springframework.boot.autoconfigure.orm.jpa.JpaBaseConfiguration$JpaWebConfiguration [main] spring.jpa.open-in-view is enabled by default. Therefore, database queries may be performed during view rendering. Explicitly configure spring.jpa.open-in-view to disable this warning
2022-05-13 10:01:41,637 INFO org.springframework.scheduling.concurrent.ExecutorConfigurationSupport [main] Initializing ExecutorService 'applicationTaskExecutor'
2022-05-13 10:01:43,816 INFO org.apache.juli.logging.DirectJDKLog [main] Starting ProtocolHandler ["http-nio-8081"]
2022-05-13 10:01:43,854 INFO org.springframework.boot.web.embedded.tomcat.TomcatWebServer [main] Tomcat started on port(s): 8081 (http) with context path ''
2022-05-13 10:01:43,868 INFO org.springframework.boot.StartupInfoLogger [main] Started UsuariosApplication in 10.316 seconds (JVM running for 11.506)
2022-05-13 10:01:44,862 INFO org.apache.juli.logging.DirectJDKLog [http-nio-8081-exec-1] Initializing Spring DispatcherServlet 'dispatcherServlet'
2022-05-13 10:01:44,863 INFO org.springframework.web.servlet.FrameworkServlet [http-nio-8081-exec-1] Initializing Servlet 'dispatcherServlet'
2022-05-13 10:01:44,865 INFO org.springframework.web.servlet.FrameworkServlet [http-nio-8081-exec-1] Completed initialization in 2 ms
2022-05-13 10:01:46,579 INFO org.springdoc.api.AbstractOpenApiResource [http-nio-8081-exec-8] Init duration for springdoc-openapi is: 854 ms
2022-05-13 12:10:33,720 ERROR org.apache.juli.logging.DirectJDKLog [http-nio-8081-exec-4] Servlet.service() for servlet [dispatcherServlet] in context with path [] threw exception [Request processing failed; nested exception is java.lang.IllegalStateException: Ambiguous handler methods mapped for '/usuarios/actualizar/15': {public org.springframework.http.ResponseEntity com.mx.ipn.usuarios.controladores.UsuarioControlador.actualizarUsuarios(java.lang.Long,com.mx.ipn.usuarios.dominio.bean.UsuariosBean), public org.springframework.http.ResponseEntity com.mx.ipn.usuarios.controladores.UsuarioControlador.actualizarMedico(java.lang.Long,com.mx.ipn.usuarios.dominio.bean.MedicosBean)}] with root cause
java.lang.IllegalStateException: Ambiguous handler methods mapped for '/usuarios/actualizar/15': {public org.springframework.http.ResponseEntity com.mx.ipn.usuarios.controladores.UsuarioControlador.actualizarUsuarios(java.lang.Long,com.mx.ipn.usuarios.dominio.bean.UsuariosBean), public org.springframework.http.ResponseEntity com.mx.ipn.usuarios.controladores.UsuarioControlador.actualizarMedico(java.lang.Long,com.mx.ipn.usuarios.dominio.bean.MedicosBean)}
	at org.springframework.web.servlet.handler.AbstractHandlerMethodMapping.lookupHandlerMethod(AbstractHandlerMethodMapping.java:425)
	at org.springframework.web.servlet.handler.AbstractHandlerMethodMapping.getHandlerInternal(AbstractHandlerMethodMapping.java:376)
	at org.springframework.web.servlet.mvc.method.RequestMappingInfoHandlerMapping.getHandlerInternal(RequestMappingInfoHandlerMapping.java:123)
	at org.springframework.web.servlet.mvc.method.RequestMappingInfoHandlerMapping.getHandlerInternal(RequestMappingInfoHandlerMapping.java:66)
	at org.springframework.web.servlet.handler.AbstractHandlerMapping.getHandler(AbstractHandlerMapping.java:498)
	at org.springframework.web.servlet.DispatcherServlet.getHandler(DispatcherServlet.java:1254)
	at org.springframework.web.servlet.DispatcherServlet.doDispatch(DispatcherServlet.java:1036)
	at org.springframework.web.servlet.DispatcherServlet.doService(DispatcherServlet.java:962)
	at org.springframework.web.servlet.FrameworkServlet.processRequest(FrameworkServlet.java:1006)
	at org.springframework.web.servlet.FrameworkServlet.doPut(FrameworkServlet.java:920)
	at javax.servlet.http.HttpServlet.service(HttpServlet.java:655)
	at org.springframework.web.servlet.FrameworkServlet.service(FrameworkServlet.java:883)
	at javax.servlet.http.HttpServlet.service(HttpServlet.java:733)
	at org.apache.catalina.core.ApplicationFilterChain.internalDoFilter(ApplicationFilterChain.java:227)
	at org.apache.catalina.core.ApplicationFilterChain.doFilter(ApplicationFilterChain.java:162)
	at org.apache.tomcat.websocket.server.WsFilter.doFilter(WsFilter.java:53)
	at org.apache.catalina.core.ApplicationFilterChain.internalDoFilter(ApplicationFilterChain.java:189)
	at org.apache.catalina.core.ApplicationFilterChain.doFilter(ApplicationFilterChain.java:162)
	at org.springframework.web.filter.RequestContextFilter.doFilterInternal(RequestContextFilter.java:100)
	at org.springframework.web.filter.OncePerRequestFilter.doFilter(OncePerRequestFilter.java:119)
	at org.apache.catalina.core.ApplicationFilterChain.internalDoFilter(ApplicationFilterChain.java:189)
	at org.apache.catalina.core.ApplicationFilterChain.doFilter(ApplicationFilterChain.java:162)
	at org.springframework.web.filter.FormContentFilter.doFilterInternal(FormContentFilter.java:93)
	at org.springframework.web.filter.OncePerRequestFilter.doFilter(OncePerRequestFilter.java:119)
	at org.apache.catalina.core.ApplicationFilterChain.internalDoFilter(ApplicationFilterChain.java:189)
	at org.apache.catalina.core.ApplicationFilterChain.doFilter(ApplicationFilterChain.java:162)
	at org.springframework.web.filter.CharacterEncodingFilter.doFilterInternal(CharacterEncodingFilter.java:201)
	at org.springframework.web.filter.OncePerRequestFilter.doFilter(OncePerRequestFilter.java:119)
	at org.apache.catalina.core.ApplicationFilterChain.internalDoFilter(ApplicationFilterChain.java:189)
	at org.apache.catalina.core.ApplicationFilterChain.doFilter(ApplicationFilterChain.java:162)
	at org.apache.catalina.core.StandardWrapperValve.invoke(StandardWrapperValve.java:202)
	at org.apache.catalina.core.StandardContextValve.invoke(StandardContextValve.java:97)
	at org.apache.catalina.authenticator.AuthenticatorBase.invoke(AuthenticatorBase.java:542)
	at org.apache.catalina.core.StandardHostValve.invoke(StandardHostValve.java:143)
	at org.apache.catalina.valves.ErrorReportValve.invoke(ErrorReportValve.java:92)
	at org.apache.catalina.core.StandardEngineValve.invoke(StandardEngineValve.java:78)
	at org.apache.catalina.connector.CoyoteAdapter.service(CoyoteAdapter.java:357)
	at org.apache.coyote.http11.Http11Processor.service(Http11Processor.java:374)
	at org.apache.coyote.AbstractProcessorLight.process(AbstractProcessorLight.java:65)
	at org.apache.coyote.AbstractProtocol$ConnectionHandler.process(AbstractProtocol.java:893)
	at org.apache.tomcat.util.net.NioEndpoint$SocketProcessor.doRun(NioEndpoint.java:1707)
	at org.apache.tomcat.util.net.SocketProcessorBase.run(SocketProcessorBase.java:49)
	at java.base/java.util.concurrent.ThreadPoolExecutor.runWorker(ThreadPoolExecutor.java:1128)
	at java.base/java.util.concurrent.ThreadPoolExecutor$Worker.run(ThreadPoolExecutor.java:628)
	at org.apache.tomcat.util.threads.TaskThread$WrappingRunnable.run(TaskThread.java:61)
	at java.base/java.lang.Thread.run(Thread.java:834)
2022-05-13 12:10:33,689 ERROR org.apache.juli.logging.DirectJDKLog [http-nio-8081-exec-2] Servlet.service() for servlet [dispatcherServlet] in context with path [] threw exception [Request processing failed; nested exception is java.lang.IllegalStateException: Ambiguous handler methods mapped for '/usuarios/actualizar/15': {public org.springframework.http.ResponseEntity com.mx.ipn.usuarios.controladores.UsuarioControlador.actualizarUsuarios(java.lang.Long,com.mx.ipn.usuarios.dominio.bean.UsuariosBean), public org.springframework.http.ResponseEntity com.mx.ipn.usuarios.controladores.UsuarioControlador.actualizarMedico(java.lang.Long,com.mx.ipn.usuarios.dominio.bean.MedicosBean)}] with root cause
java.lang.IllegalStateException: Ambiguous handler methods mapped for '/usuarios/actualizar/15': {public org.springframework.http.ResponseEntity com.mx.ipn.usuarios.controladores.UsuarioControlador.actualizarUsuarios(java.lang.Long,com.mx.ipn.usuarios.dominio.bean.UsuariosBean), public org.springframework.http.ResponseEntity com.mx.ipn.usuarios.controladores.UsuarioControlador.actualizarMedico(java.lang.Long,com.mx.ipn.usuarios.dominio.bean.MedicosBean)}
	at org.springframework.web.servlet.handler.AbstractHandlerMethodMapping.lookupHandlerMethod(AbstractHandlerMethodMapping.java:425)
	at org.springframework.web.servlet.handler.AbstractHandlerMethodMapping.getHandlerInternal(AbstractHandlerMethodMapping.java:376)
	at org.springframework.web.servlet.mvc.method.RequestMappingInfoHandlerMapping.getHandlerInternal(RequestMappingInfoHandlerMapping.java:123)
	at org.springframework.web.servlet.mvc.method.RequestMappingInfoHandlerMapping.getHandlerInternal(RequestMappingInfoHandlerMapping.java:66)
	at org.springframework.web.servlet.handler.AbstractHandlerMapping.getHandler(AbstractHandlerMapping.java:498)
	at org.springframework.web.servlet.DispatcherServlet.getHandler(DispatcherServlet.java:1254)
	at org.springframework.web.servlet.DispatcherServlet.doDispatch(DispatcherServlet.java:1036)
	at org.springframework.web.servlet.DispatcherServlet.doService(DispatcherServlet.java:962)
	at org.springframework.web.servlet.FrameworkServlet.processRequest(FrameworkServlet.java:1006)
	at org.springframework.web.servlet.FrameworkServlet.doPut(FrameworkServlet.java:920)
	at javax.servlet.http.HttpServlet.service(HttpServlet.java:655)
	at org.springframework.web.servlet.FrameworkServlet.service(FrameworkServlet.java:883)
	at javax.servlet.http.HttpServlet.service(HttpServlet.java:733)
	at org.apache.catalina.core.ApplicationFilterChain.internalDoFilter(ApplicationFilterChain.java:227)
	at org.apache.catalina.core.ApplicationFilterChain.doFilter(ApplicationFilterChain.java:162)
	at org.apache.tomcat.websocket.server.WsFilter.doFilter(WsFilter.java:53)
	at org.apache.catalina.core.ApplicationFilterChain.internalDoFilter(ApplicationFilterChain.java:189)
	at org.apache.catalina.core.ApplicationFilterChain.doFilter(ApplicationFilterChain.java:162)
	at org.springframework.web.filter.RequestContextFilter.doFilterInternal(RequestContextFilter.java:100)
	at org.springframework.web.filter.OncePerRequestFilter.doFilter(OncePerRequestFilter.java:119)
	at org.apache.catalina.core.ApplicationFilterChain.internalDoFilter(ApplicationFilterChain.java:189)
	at org.apache.catalina.core.ApplicationFilterChain.doFilter(ApplicationFilterChain.java:162)
	at org.springframework.web.filter.FormContentFilter.doFilterInternal(FormContentFilter.java:93)
	at org.springframework.web.filter.OncePerRequestFilter.doFilter(OncePerRequestFilter.java:119)
	at org.apache.catalina.core.ApplicationFilterChain.internalDoFilter(ApplicationFilterChain.java:189)
	at org.apache.catalina.core.ApplicationFilterChain.doFilter(ApplicationFilterChain.java:162)
	at org.springframework.web.filter.CharacterEncodingFilter.doFilterInternal(CharacterEncodingFilter.java:201)
	at org.springframework.web.filter.OncePerRequestFilter.doFilter(OncePerRequestFilter.java:119)
	at org.apache.catalina.core.ApplicationFilterChain.internalDoFilter(ApplicationFilterChain.java:189)
	at org.apache.catalina.core.ApplicationFilterChain.doFilter(ApplicationFilterChain.java:162)
	at org.apache.catalina.core.StandardWrapperValve.invoke(StandardWrapperValve.java:202)
	at org.apache.catalina.core.StandardContextValve.invoke(StandardContextValve.java:97)
	at org.apache.catalina.authenticator.AuthenticatorBase.invoke(AuthenticatorBase.java:542)
	at org.apache.catalina.core.StandardHostValve.invoke(StandardHostValve.java:143)
	at org.apache.catalina.valves.ErrorReportValve.invoke(ErrorReportValve.java:92)
	at org.apache.catalina.core.StandardEngineValve.invoke(StandardEngineValve.java:78)
	at org.apache.catalina.connector.CoyoteAdapter.service(CoyoteAdapter.java:357)
	at org.apache.coyote.http11.Http11Processor.service(Http11Processor.java:374)
	at org.apache.coyote.AbstractProcessorLight.process(AbstractProcessorLight.java:65)
	at org.apache.coyote.AbstractProtocol$ConnectionHandler.process(AbstractProtocol.java:893)
	at org.apache.tomcat.util.net.NioEndpoint$SocketProcessor.doRun(NioEndpoint.java:1707)
	at org.apache.tomcat.util.net.SocketProcessorBase.run(SocketProcessorBase.java:49)
	at java.base/java.util.concurrent.ThreadPoolExecutor.runWorker(ThreadPoolExecutor.java:1128)
	at java.base/java.util.concurrent.ThreadPoolExecutor$Worker.run(ThreadPoolExecutor.java:628)
	at org.apache.tomcat.util.threads.TaskThread$WrappingRunnable.run(TaskThread.java:61)
	at java.base/java.lang.Thread.run(Thread.java:834)
2022-05-13 15:19:27,009 WARN com.zaxxer.hikari.pool.HikariPool$HouseKeeper [HikariPool-1 housekeeper] HikariPool-1 - Thread starvation or clock leap detected (housekeeper delta=48m41s380ms321s600ns).
2022-05-13 16:44:22,841 WARN com.zaxxer.hikari.pool.HikariPool$HouseKeeper [HikariPool-1 housekeeper] HikariPool-1 - Thread starvation or clock leap detected (housekeeper delta=47m22s773ms793s800ns).
