2022-04-26 06:03:05,929 INFO org.springframework.cloud.config.client.ConfigServicePropertySourceLocator [main] Fetching config from server at : http://localhost:8888
2022-04-26 06:04:00,197 INFO org.springframework.cloud.config.client.ConfigServicePropertySourceLocator [main] Fetching config from server at : http://localhost:8888
2022-04-26 06:04:02,475 INFO org.springframework.cloud.config.client.ConfigServicePropertySourceLocator [main] Connect Timeout Exception on Url - http://localhost:8888. Will be trying the next url if available
2022-04-26 06:04:02,476 WARN org.springframework.cloud.config.client.ConfigServicePropertySourceLocator [main] Could not locate PropertySource: I/O error on GET request for "http://localhost:8888/api-usuarios/default": Connection refused: connect; nested exception is java.net.ConnectException: Connection refused: connect
2022-04-26 06:04:02,480 INFO org.springframework.boot.SpringApplication [main] No active profile set, falling back to 1 default profile: "default"
2022-04-26 06:04:04,205 INFO org.springframework.data.repository.config.RepositoryConfigurationDelegate [main] Bootstrapping Spring Data JPA repositories in DEFAULT mode.
2022-04-26 06:04:04,344 INFO org.springframework.data.repository.config.RepositoryConfigurationDelegate [main] Finished Spring Data repository scanning in 119 ms. Found 3 JPA repository interfaces.
2022-04-26 06:04:04,831 INFO org.springframework.cloud.context.scope.GenericScope [main] BeanFactory id=249696f8-7b0a-3775-a090-3201c1a42f8a
2022-04-26 06:04:05,971 INFO org.springframework.boot.web.embedded.tomcat.TomcatWebServer [main] Tomcat initialized with port(s): 8081 (http)
2022-04-26 06:04:06,000 INFO org.apache.juli.logging.DirectJDKLog [main] Initializing ProtocolHandler ["http-nio-8081"]
2022-04-26 06:04:06,001 INFO org.apache.juli.logging.DirectJDKLog [main] Starting service [Tomcat]
2022-04-26 06:04:06,001 INFO org.apache.juli.logging.DirectJDKLog [main] Starting Servlet engine: [Apache Tomcat/9.0.62]
2022-04-26 06:04:06,405 INFO org.apache.juli.logging.DirectJDKLog [main] Initializing Spring embedded WebApplicationContext
2022-04-26 06:04:06,408 INFO org.springframework.boot.web.servlet.context.ServletWebServerApplicationContext [main] Root WebApplicationContext: initialization completed in 3902 ms
2022-04-26 06:04:06,930 INFO org.hibernate.jpa.internal.util.LogHelper [main] HHH000204: Processing PersistenceUnitInfo [name: default]
2022-04-26 06:04:07,122 INFO org.hibernate.Version [main] HHH000412: Hibernate ORM core version 5.6.8.Final
2022-04-26 06:04:07,642 INFO org.hibernate.annotations.common.reflection.java.JavaReflectionManager [main] HCANN000001: Hibernate Commons Annotations {5.1.2.Final}
2022-04-26 06:04:07,947 INFO com.zaxxer.hikari.HikariDataSource [main] HikariPool-1 - Starting...
2022-04-26 06:04:08,683 INFO com.zaxxer.hikari.HikariDataSource [main] HikariPool-1 - Start completed.
2022-04-26 06:04:08,763 INFO org.hibernate.dialect.Dialect [main] HHH000400: Using dialect: org.hibernate.dialect.PostgreSQL10Dialect
2022-04-26 06:04:10,202 INFO org.hibernate.tuple.PojoInstantiator [main] HHH000182: No default (no-argument) constructor for class: com.mx.ipn.usuarios.modelos.entidades.Persona (class must be instantiated by Interceptor)
2022-04-26 06:04:10,224 INFO org.hibernate.tuple.PojoInstantiator [main] HHH000182: No default (no-argument) constructor for class: com.mx.ipn.usuarios.modelos.entidades.Medico (class must be instantiated by Interceptor)
2022-04-26 06:04:10,238 INFO org.hibernate.tuple.PojoInstantiator [main] HHH000182: No default (no-argument) constructor for class: com.mx.ipn.usuarios.modelos.entidades.Usuario (class must be instantiated by Interceptor)
2022-04-26 06:04:10,639 INFO org.hibernate.engine.transaction.jta.platform.internal.JtaPlatformInitiator [main] HHH000490: Using JtaPlatform implementation: [org.hibernate.engine.transaction.jta.platform.internal.NoJtaPlatform]
2022-04-26 06:04:10,664 INFO org.springframework.orm.jpa.AbstractEntityManagerFactoryBean [main] Initialized JPA EntityManagerFactory for persistence unit 'default'
2022-04-26 06:04:11,731 WARN org.springframework.boot.autoconfigure.orm.jpa.JpaBaseConfiguration$JpaWebConfiguration [main] spring.jpa.open-in-view is enabled by default. Therefore, database queries may be performed during view rendering. Explicitly configure spring.jpa.open-in-view to disable this warning
2022-04-26 06:04:14,194 INFO org.springframework.cloud.commons.util.InetUtils [main] Cannot determine local hostname
2022-04-26 06:04:14,387 INFO org.apache.juli.logging.DirectJDKLog [main] Starting ProtocolHandler ["http-nio-8081"]
2022-04-26 06:04:14,448 INFO org.springframework.boot.web.embedded.tomcat.TomcatWebServer [main] Tomcat started on port(s): 8081 (http) with context path ''
2022-04-26 06:04:16,091 INFO org.springframework.cloud.commons.util.InetUtils [main] Cannot determine local hostname
2022-04-26 06:04:16,519 INFO org.springframework.boot.StartupInfoLogger [main] Started UsuariosApplication in 22.189 seconds (JVM running for 23.571)
2022-04-26 06:04:32,261 INFO org.apache.juli.logging.DirectJDKLog [http-nio-8081-exec-1] Initializing Spring DispatcherServlet 'dispatcherServlet'
2022-04-26 06:04:32,263 INFO org.springframework.web.servlet.FrameworkServlet [http-nio-8081-exec-1] Initializing Servlet 'dispatcherServlet'
2022-04-26 06:04:32,265 INFO org.springframework.web.servlet.FrameworkServlet [http-nio-8081-exec-1] Completed initialization in 2 ms
2022-04-26 09:22:56,230 WARN com.zaxxer.hikari.pool.HikariPool$HouseKeeper [HikariPool-1 housekeeper] HikariPool-1 - Thread starvation or clock leap detected (housekeeper delta=2h45m16s914ms375µs600ns).
2022-04-26 14:33:18,924 WARN com.zaxxer.hikari.pool.HikariPool$HouseKeeper [HikariPool-1 housekeeper] HikariPool-1 - Thread starvation or clock leap detected (housekeeper delta=11m15s508ms841µs).
2022-04-26 16:54:57,158 WARN com.zaxxer.hikari.pool.HikariPool$HouseKeeper [HikariPool-1 housekeeper] HikariPool-1 - Thread starvation or clock leap detected (housekeeper delta=46m36s230ms819µs800ns).
2022-04-26 19:12:06,890 WARN com.zaxxer.hikari.pool.HikariPool$HouseKeeper [HikariPool-1 housekeeper] HikariPool-1 - Thread starvation or clock leap detected (housekeeper delta=55m7s865ms903µs900ns).
2022-04-26 22:13:27,193 WARN com.zaxxer.hikari.pool.HikariPool$HouseKeeper [HikariPool-1 housekeeper] HikariPool-1 - Thread starvation or clock leap detected (housekeeper delta=1h47m19s39ms518µs200ns).
