2022-05-09 11:47:26,168 INFO org.springframework.boot.StartupInfoLogger [main] Starting UsuariosApplication using Java 11.0.13 on DESKTOP-GCCAVEG with PID 8480 (C:\workspace-pt\microservicio-usuarios\target\classes started by dervo in C:\workspace-pt\microservicio-usuarios)
2022-05-09 11:47:26,180 INFO org.springframework.boot.SpringApplication [main] No active profile set, falling back to default profiles: default
2022-05-09 11:47:28,476 INFO org.springframework.data.repository.config.RepositoryConfigurationDelegate [main] Bootstrapping Spring Data JPA repositories in DEFAULT mode.
2022-05-09 11:47:28,664 INFO org.springframework.data.repository.config.RepositoryConfigurationDelegate [main] Finished Spring Data repository scanning in 168 ms. Found 3 JPA repository interfaces.
2022-05-09 11:47:30,329 INFO org.springframework.boot.web.embedded.tomcat.TomcatWebServer [main] Tomcat initialized with port(s): 8081 (http)
2022-05-09 11:47:30,378 INFO org.apache.juli.logging.DirectJDKLog [main] Initializing ProtocolHandler ["http-nio-8081"]
2022-05-09 11:47:30,379 INFO org.apache.juli.logging.DirectJDKLog [main] Starting service [Tomcat]
2022-05-09 11:47:30,380 INFO org.apache.juli.logging.DirectJDKLog [main] Starting Servlet engine: [Apache Tomcat/9.0.45]
2022-05-09 11:47:30,612 INFO org.apache.juli.logging.DirectJDKLog [main] Initializing Spring embedded WebApplicationContext
2022-05-09 11:47:30,612 INFO org.springframework.boot.web.servlet.context.ServletWebServerApplicationContext [main] Root WebApplicationContext: initialization completed in 4286 ms
2022-05-09 11:47:31,029 INFO org.hibernate.jpa.internal.util.LogHelper [main] HHH000204: Processing PersistenceUnitInfo [name: default]
2022-05-09 11:47:31,186 INFO org.hibernate.Version [main] HHH000412: Hibernate ORM core version 5.4.30.Final
2022-05-09 11:47:31,555 INFO org.hibernate.annotations.common.reflection.java.JavaReflectionManager [main] HCANN000001: Hibernate Commons Annotations {5.1.2.Final}
2022-05-09 11:47:31,788 INFO com.zaxxer.hikari.HikariDataSource [main] HikariPool-1 - Starting...
2022-05-09 11:47:32,704 INFO com.zaxxer.hikari.HikariDataSource [main] HikariPool-1 - Start completed.
2022-05-09 11:47:32,767 INFO org.hibernate.dialect.Dialect [main] HHH000400: Using dialect: org.hibernate.dialect.PostgreSQL10Dialect
2022-05-09 11:47:34,002 INFO org.hibernate.tuple.PojoInstantiator [main] HHH000182: No default (no-argument) constructor for class: com.mx.ipn.usuarios.modelos.entidades.Usuario (class must be instantiated by Interceptor)
2022-05-09 11:47:34,658 INFO org.hibernate.engine.transaction.jta.platform.internal.JtaPlatformInitiator [main] HHH000490: Using JtaPlatform implementation: [org.hibernate.engine.transaction.jta.platform.internal.NoJtaPlatform]
2022-05-09 11:47:34,671 INFO org.springframework.orm.jpa.AbstractEntityManagerFactoryBean [main] Initialized JPA EntityManagerFactory for persistence unit 'default'
2022-05-09 11:47:35,115 WARN org.springframework.boot.autoconfigure.orm.jpa.JpaBaseConfiguration$JpaWebConfiguration [main] spring.jpa.open-in-view is enabled by default. Therefore, database queries may be performed during view rendering. Explicitly configure spring.jpa.open-in-view to disable this warning
2022-05-09 11:47:35,553 INFO org.springframework.scheduling.concurrent.ExecutorConfigurationSupport [main] Initializing ExecutorService 'applicationTaskExecutor'
2022-05-09 11:47:36,337 INFO org.apache.juli.logging.DirectJDKLog [main] Starting ProtocolHandler ["http-nio-8081"]
2022-05-09 11:47:36,388 INFO org.springframework.boot.web.embedded.tomcat.TomcatWebServer [main] Tomcat started on port(s): 8081 (http) with context path ''
2022-05-09 11:47:36,798 INFO org.springframework.boot.StartupInfoLogger [main] Started UsuariosApplication in 11.559 seconds (JVM running for 12.815)
2022-05-09 11:49:26,502 INFO org.apache.juli.logging.DirectJDKLog [http-nio-8081-exec-1] Initializing Spring DispatcherServlet 'dispatcherServlet'
2022-05-09 11:49:26,504 INFO org.springframework.web.servlet.FrameworkServlet [http-nio-8081-exec-1] Initializing Servlet 'dispatcherServlet'
2022-05-09 11:49:26,514 INFO org.springframework.web.servlet.FrameworkServlet [http-nio-8081-exec-1] Completed initialization in 8 ms
